#
# A fatal error has been detected by the Java Runtime Environment:
#
#  Internal Error (javaClasses.cpp:136), pid=11688, tid=8652
#  fatal error: Invalid layout of preloaded class
#
# JRE version:  (7.0_71-b14) (build )
# Java VM: Java HotSpot(TM) Client VM (24.71-b01 mixed mode windows-x86 )
# Failed to write core dump. Minidumps are not enabled by default on client versions of Windows
#
# If you would like to submit a bug report, please visit:
#   http://bugreport.sun.com/bugreport/crash.jsp
#

---------------  T H R E A D  ---------------

Current thread (0x0107cc00):  JavaThread "Unknown thread" [_thread_in_vm, id=8652, stack(0x01000000,0x01050000)]

Stack: [0x01000000,0x01050000],  sp=0x0104f8b4,  free space=318k
Native frames: (J=compiled Java code, j=interpreted, Vv=VM code, C=native code)
V  [jvm.dll+0x1911e4]
V  [jvm.dll+0x18ae66]
V  [jvm.dll+0x35f00]
V  [jvm.dll+0x35f86]
V  [jvm.dll+0x447ed]
V  [jvm.dll+0x44a9e]
V  [jvm.dll+0x9395a]
V  [jvm.dll+0x93d0b]
V  [jvm.dll+0x140831]
V  [jvm.dll+0x16341c]
V  [jvm.dll+0xca7bf]
C  [javaw.exe+0x13ce]
C  [javaw.exe+0x1e40]
C  [javaw.exe+0xa601]
C  [javaw.exe+0xa68b]
C  [kernel32.dll+0x1337a]
C  [ntdll.dll+0x39882]
C  [ntdll.dll+0x39855]


---------------  P R O C E S S  ---------------

Java Threads: ( => current thread )

Other Threads:

=>0x0107cc00 (exited) JavaThread "Unknown thread" [_thread_in_vm, id=8652, stack(0x01000000,0x01050000)]

VM state:not at safepoint (not fully initialized)

VM Mutex/Monitor currently owned by a thread: None

GC Heap History (0 events):
No events

Deoptimization events (0 events):
No events

Internal exceptions (0 events):
No events

Events (10 events):
Event: 0.020 loading class 0x00f095d0 done
Event: 0.020 loading class 0x00f09060 done
Event: 0.020 loading class 0x00f09040
Event: 0.020 loading class 0x00f103b0
Event: 0.020 loading class 0x00f103b0 done
Event: 0.020 loading class 0x00f103e0
Event: 0.020 loading class 0x00f103e0 done
Event: 0.020 loading class 0x00f10410
Event: 0.020 loading class 0x00f10410 done
Event: 0.020 loading class 0x00f09040 done


Dynamic libraries:
0x01350000 - 0x0137f000 	D:\Develop\Java\jdk1.7.0_71\bin\javaw.exe
0x77900000 - 0x77a80000 	C:\Windows\SysWOW64\ntdll.dll
0x76090000 - 0x761a0000 	C:\Windows\syswow64\kernel32.dll
0x75940000 - 0x75987000 	C:\Windows\syswow64\KERNELBASE.dll
0x77440000 - 0x774e0000 	C:\Windows\syswow64\ADVAPI32.dll
0x75e70000 - 0x75f1c000 	C:\Windows\syswow64\msvcrt.dll
0x75d20000 - 0x75d39000 	C:\Windows\SysWOW64\sechost.dll
0x772d0000 - 0x773c0000 	C:\Windows\syswow64\RPCRT4.dll
0x75310000 - 0x75370000 	C:\Windows\syswow64\SspiCli.dll
0x75300000 - 0x7530c000 	C:\Windows\syswow64\CRYPTBASE.dll
0x753f0000 - 0x754f0000 	C:\Windows\syswow64\USER32.dll
0x75f30000 - 0x75fc0000 	C:\Windows\syswow64\GDI32.dll
0x778d0000 - 0x778da000 	C:\Windows\syswow64\LPK.dll
0x761a0000 - 0x7623d000 	C:\Windows\syswow64\USP10.dll
0x71ee0000 - 0x7207e000 	C:\Windows\WinSxS\x86_microsoft.windows.common-controls_6595b64144ccf1df_6.0.7601.18837_none_41e855142bd5705d\COMCTL32.dll
0x77070000 - 0x770c7000 	C:\Windows\syswow64\SHLWAPI.dll
0x75850000 - 0x758b0000 	C:\Windows\system32\IMM32.DLL
0x759c0000 - 0x75a8c000 	C:\Windows\syswow64\MSCTF.dll
0x72310000 - 0x7233c000 	C:\Windows\SysWOW64\nvinit.dll
0x0f000000 - 0x0f006000 	C:\Program Files (x86)\NVIDIA Corporation\CoProcManager\detoured.dll
0x708a0000 - 0x708cb000 	C:\Program Files (x86)\NVIDIA Corporation\CoProcManager\nvd3d9wrap.dll
0x76e90000 - 0x7702d000 	C:\Windows\syswow64\SETUPAPI.dll
0x75650000 - 0x75677000 	C:\Windows\syswow64\CFGMGR32.dll
0x758b0000 - 0x7593f000 	C:\Windows\syswow64\OLEAUT32.dll
0x754f0000 - 0x7564c000 	C:\Windows\syswow64\ole32.dll
0x75a90000 - 0x75aa2000 	C:\Windows\syswow64\DEVOBJ.dll
0x70880000 - 0x7089f000 	C:\Program Files (x86)\NVIDIA Corporation\CoProcManager\nvdxgiwrap.dll
0x583b0000 - 0x5846f000 	D:\Develop\Java\jdk1.7.0_71\jre\bin\msvcr100.dll
0x57310000 - 0x57699000 	D:\Develop\Java\jdk1.7.0_71\jre\bin\client\jvm.dll
0x73f00000 - 0x73f07000 	C:\Windows\system32\WSOCK32.dll
0x75810000 - 0x75845000 	C:\Windows\syswow64\WS2_32.dll
0x75fd0000 - 0x75fd6000 	C:\Windows\syswow64\NSI.dll
0x72f60000 - 0x72f92000 	C:\Windows\system32\WINMM.dll
0x75b40000 - 0x75b45000 	C:\Windows\syswow64\PSAPI.DLL
0x66320000 - 0x6632c000 	D:\Develop\Java\jdk1.7.0_71\jre\bin\verify.dll
0x61760000 - 0x61780000 	D:\Develop\Java\jdk1.7.0_71\jre\bin\java.dll
0x62c60000 - 0x62c73000 	D:\Develop\Java\jdk1.7.0_71\jre\bin\zip.dll
0x70fe0000 - 0x710cb000 	C:\Windows\system32\dbghelp.dll

VM Arguments:
jvm_args: -Dfile.encoding=UTF-8 -Xbootclasspath:E:\Julangeryi\EclipseMars\android-sdk-windows\platforms\android-16\android.jar 
java_command: com.example.crm7Http.Test
Launcher Type: SUN_STANDARD

Environment Variables:
JAVA_HOME=D:\Develop\Java\jdk1.7.0_71
CLASSPATH=.;D:\Develop\Java\jdk1.7.0_71\lib
PATH=D:/Develop/Java/jre7/bin/client;D:/Develop/Java/jre7/bin;D:/Develop/Java/jre7/lib/i386;C:\Windows\system32;C:\Windows;C:\Windows\System32\Wbem;C:\Windows\System32\WindowsPowerShell\v1.0\;D:\Develop\Java\jdk1.7.0_71\bin;C:\Program Files (x86)\Windows Kits\8.1\Windows Performance Toolkit\;C:\Program Files\Microsoft SQL Server\110\Tools\Binn\;D:\Project\adt-bundle-windows\sdk\platform-tools;D:\Project\adt-bundle-windows\sdk\tools;C:\Program Files (x86)\Microsoft SQL Server\90\Tools\binn\;C:\Program Files (x86)\MySQL\MySQL Fabric 1.5 & MySQL Utilities 1.5\;C:\Program Files (x86)\MySQL\MySQL Fabric 1.5 & MySQL Utilities 1.5\Doctrine extensions for PHP\;D:\Develop\Ora10InstantClient;E:\Julangeryi\EclipseMars\eclipse;
USERNAME=Administrator
OS=Windows_NT
PROCESSOR_IDENTIFIER=Intel64 Family 6 Model 42 Stepping 7, GenuineIntel



---------------  S Y S T E M  ---------------

OS: Windows 7 , 64 bit Build 7601 Service Pack 1

CPU:total 4 (2 cores per cpu, 2 threads per core) family 6 model 42 stepping 7, cmov, cx8, fxsr, mmx, sse, sse2, sse3, ssse3, sse4.1, sse4.2, popcnt, avx, ht, tsc, tscinvbit

Memory: 4k page, physical 4078832k(999512k free), swap 8155828k(3873520k free)

vm_info: Java HotSpot(TM) Client VM (24.71-b01) for windows-x86 JRE (1.7.0_71-b14), built on Sep 26 2014 16:30:49 by "java_re" with unknown MS VC++:1600

time: Thu Dec 17 13:47:48 2015
elapsed time: 0 seconds

